# JRE version: Java(TM) SE Runtime Environment (8.0_144-b01) (build 1.8.0_144-b01)
# Java VM: Java HotSpot(TM) 64-Bit Server VM (25.144-b01 mixed mode windows-amd64 compressed oops)
Heap:
 PSYoungGen      total 20480K, used 8136K [0x00000000eb700000, 0x00000000ecf80000, 0x0000000100000000)
  eden space 15872K, 36% used [0x00000000eb700000,0x00000000ebca6e70,0x00000000ec680000)
  from space 4608K, 50% used [0x00000000ec680000,0x00000000ec8cb3b8,0x00000000ecb00000)
  to   space 4608K, 0% used [0x00000000ecb00000,0x00000000ecb00000,0x00000000ecf80000)
 ParOldGen       total 42496K, used 5058K [0x00000000c2400000, 0x00000000c4d80000, 0x00000000eb700000)
  object space 42496K, 11% used [0x00000000c2400000,0x00000000c28f0ad8,0x00000000c4d80000)
 Metaspace       used 14599K, capacity 14856K, committed 15104K, reserved 1062912K
  class space    used 1853K, capacity 1938K, committed 2048K, reserved 1048576K
GC Heap History (10 events):
Event: 6.896 GC heap before
{Heap before GC invocations=7 (full 0):
 PSYoungGen      total 20480K, used 17927K [0x00000000eb700000, 0x00000000ecf80000, 0x0000000100000000)
  eden space 15872K, 98% used [0x00000000eb700000,0x00000000ec640368,0x00000000ec680000)
  from space 4608K, 50% used [0x00000000ecb00000,0x00000000ecd41a80,0x00000000ecf80000)
  to   space 4608K, 0% used [0x00000000ec680000,0x00000000ec680000,0x00000000ecb00000)
 ParOldGen       total 42496K, used 3810K [0x00000000c2400000, 0x00000000c4d80000, 0x00000000eb700000)
  object space 42496K, 8% used [0x00000000c2400000,0x00000000c27b8ab8,0x00000000c4d80000)
 Metaspace       used 13804K, capacity 14018K, committed 14208K, reserved 1060864K
  class space    used 1789K, capacity 1873K, committed 1920K, reserved 1048576K
Event: 6.900 GC heap after
Heap after GC invocations=7 (full 0):
 PSYoungGen      total 20480K, used 1254K [0x00000000eb700000, 0x00000000ed080000, 0x0000000100000000)
  eden space 15872K, 0% used [0x00000000eb700000,0x00000000eb700000,0x00000000ec680000)
  from space 4608K, 27% used [0x00000000ec680000,0x00000000ec7b9848,0x00000000ecb00000)
  to   space 5120K, 0% used [0x00000000ecb80000,0x00000000ecb80000,0x00000000ed080000)
 ParOldGen       total 42496K, used 4970K [0x00000000c2400000, 0x00000000c4d80000, 0x00000000eb700000)
  object space 42496K, 11% used [0x00000000c2400000,0x00000000c28daac8,0x00000000c4d80000)
 Metaspace       used 13804K, capacity 14018K, committed 14208K, reserved 1060864K
  class space    used 1789K, capacity 1873K, committed 1920K, reserved 1048576K
}
Event: 7.433 GC heap before
{Heap before GC invocations=8 (full 0):
 PSYoungGen      total 20480K, used 16811K [0x00000000eb700000, 0x00000000ed080000, 0x0000000100000000)
  eden space 15872K, 98% used [0x00000000eb700000,0x00000000ec631788,0x00000000ec680000)
  from space 4608K, 27% used [0x00000000ec680000,0x00000000ec7b9848,0x00000000ecb00000)
  to   space 5120K, 0% used [0x00000000ecb80000,0x00000000ecb80000,0x00000000ed080000)
 ParOldGen       total 42496K, used 4970K [0x00000000c2400000, 0x00000000c4d80000, 0x00000000eb700000)
  object space 42496K, 11% used [0x00000000c2400000,0x00000000c28daac8,0x00000000c4d80000)
 Metaspace       used 13819K, capacity 14018K, committed 14208K, reserved 1060864K
  class space    used 1789K, capacity 1873K, committed 1920K, reserved 1048576K
Event: 7.435 GC heap after
Heap after GC invocations=8 (full 0):
 PSYoungGen      total 19968K, used 2219K [0x00000000eb700000, 0x00000000ecf80000, 0x0000000100000000)
  eden space 15872K, 0% used [0x00000000eb700000,0x00000000eb700000,0x00000000ec680000)
  from space 4096K, 54% used [0x00000000ecb80000,0x00000000ecdaacb8,0x00000000ecf80000)
  to   space 4608K, 0% used [0x00000000ec680000,0x00000000ec680000,0x00000000ecb00000)
 ParOldGen       total 42496K, used 5010K [0x00000000c2400000, 0x00000000c4d80000, 0x00000000eb700000)
  object space 42496K, 11% used [0x00000000c2400000,0x00000000c28e4ad8,0x00000000c4d80000)
 Metaspace       used 13819K, capacity 14018K, committed 14208K, reserved 1060864K
  class space    used 1789K, capacity 1873K, committed 1920K, reserved 1048576K
}
Event: 7.957 GC heap before
{Heap before GC invocations=9 (full 0):
 PSYoungGen      total 19968K, used 18091K [0x00000000eb700000, 0x00000000ecf80000, 0x0000000100000000)
  eden space 15872K, 100% used [0x00000000eb700000,0x00000000ec680000,0x00000000ec680000)
  from space 4096K, 54% used [0x00000000ecb80000,0x00000000ecdaacb8,0x00000000ecf80000)
  to   space 4608K, 0% used [0x00000000ec680000,0x00000000ec680000,0x00000000ecb00000)
 ParOldGen       total 42496K, used 5010K [0x00000000c2400000, 0x00000000c4d80000, 0x00000000eb700000)
  object space 42496K, 11% used [0x00000000c2400000,0x00000000c28e4ad8,0x00000000c4d80000)
 Metaspace       used 13835K, capacity 14018K, committed 14208K, reserved 1060864K
  class space    used 1789K, capacity 1873K, committed 1920K, reserved 1048576K
Event: 7.960 GC heap after
Heap after GC invocations=9 (full 0):
 PSYoungGen      total 20480K, used 1540K [0x00000000eb700000, 0x00000000ecf80000, 0x0000000100000000)
  eden space 15872K, 0% used [0x00000000eb700000,0x00000000eb700000,0x00000000ec680000)
  from space 4608K, 33% used [0x00000000ec680000,0x00000000ec801010,0x00000000ecb00000)
  to   space 4608K, 0% used [0x00000000ecb00000,0x00000000ecb00000,0x00000000ecf80000)
 ParOldGen       total 42496K, used 5026K [0x00000000c2400000, 0x00000000c4d80000, 0x00000000eb700000)
  object space 42496K, 11% used [0x00000000c2400000,0x00000000c28e8ad8,0x00000000c4d80000)
 Metaspace       used 13835K, capacity 14018K, committed 14208K, reserved 1060864K
  class space    used 1789K, capacity 1873K, committed 1920K, reserved 1048576K
}
Event: 8.429 GC heap before
{Heap before GC invocations=10 (full 0):
 PSYoungGen      total 20480K, used 17412K [0x00000000eb700000, 0x00000000ecf80000, 0x0000000100000000)
  eden space 15872K, 100% used [0x00000000eb700000,0x00000000ec680000,0x00000000ec680000)
  from space 4608K, 33% used [0x00000000ec680000,0x00000000ec801010,0x00000000ecb00000)
  to   space 4608K, 0% used [0x00000000ecb00000,0x00000000ecb00000,0x00000000ecf80000)
 ParOldGen       total 42496K, used 5026K [0x00000000c2400000, 0x00000000c4d80000, 0x00000000eb700000)
  object space 42496K, 11% used [0x00000000c2400000,0x00000000c28e8ad8,0x00000000c4d80000)
 Metaspace       used 13839K, capacity 14018K, committed 14208K, reserved 1060864K
  class space    used 1789K, capacity 1873K, committed 1920K, reserved 1048576K
Event: 8.434 GC heap after
Heap after GC invocations=10 (full 0):
 PSYoungGen      total 20480K, used 2606K [0x00000000eb700000, 0x00000000ecf80000, 0x0000000100000000)
  eden space 15872K, 0% used [0x00000000eb700000,0x00000000eb700000,0x00000000ec680000)
  from space 4608K, 56% used [0x00000000ecb00000,0x00000000ecd8ba48,0x00000000ecf80000)
  to   space 4608K, 0% used [0x00000000ec680000,0x00000000ec680000,0x00000000ecb00000)
 ParOldGen       total 42496K, used 5034K [0x00000000c2400000, 0x00000000c4d80000, 0x00000000eb700000)
  object space 42496K, 11% used [0x00000000c2400000,0x00000000c28eaad8,0x00000000c4d80000)
 Metaspace       used 13839K, capacity 14018K, committed 14208K, reserved 1060864K
  class space    used 1789K, capacity 1873K, committed 1920K, reserved 1048576K
}
Event: 8.954 GC heap before
{Heap before GC invocations=11 (full 0):
 PSYoungGen      total 20480K, used 18478K [0x00000000eb700000, 0x00000000ecf80000, 0x0000000100000000)
  eden space 15872K, 100% used [0x00000000eb700000,0x00000000ec680000,0x00000000ec680000)
  from space 4608K, 56% used [0x00000000ecb00000,0x00000000ecd8ba48,0x00000000ecf80000)
  to   space 4608K, 0% used [0x00000000ec680000,0x00000000ec680000,0x00000000ecb00000)
 ParOldGen       total 42496K, used 5034K [0x00000000c2400000, 0x00000000c4d80000, 0x00000000eb700000)
  object space 42496K, 11% used [0x00000000c2400000,0x00000000c28eaad8,0x00000000c4d80000)
 Metaspace       used 13862K, capacity 14082K, committed 14464K, reserved 1062912K
  class space    used 1789K, capacity 1873K, committed 1920K, reserved 1048576K
Event: 8.956 GC heap after
Heap after GC invocations=11 (full 0):
 PSYoungGen      total 20480K, used 2348K [0x00000000eb700000, 0x00000000ecf80000, 0x0000000100000000)
  eden space 15872K, 0% used [0x00000000eb700000,0x00000000eb700000,0x00000000ec680000)
  from space 4608K, 50% used [0x00000000ec680000,0x00000000ec8cb3b8,0x00000000ecb00000)
  to   space 4608K, 0% used [0x00000000ecb00000,0x00000000ecb00000,0x00000000ecf80000)
 ParOldGen       total 42496K, used 5058K [0x00000000c2400000, 0x00000000c4d80000, 0x00000000eb700000)
  object space 42496K, 11% used [0x00000000c2400000,0x00000000c28f0ad8,0x00000000c4d80000)
 Metaspace       used 13862K, capacity 14082K, committed 14464K, reserved 1062912K
  class space    used 1789K, capacity 1873K, committed 1920K, reserved 1048576K
}

