# JRE version: Java(TM) SE Runtime Environment (8.0_144-b01) (build 1.8.0_144-b01)
# Java VM: Java HotSpot(TM) 64-Bit Server VM (25.144-b01 mixed mode windows-amd64 compressed oops)
Heap:
 PSYoungGen      total 46080K, used 18953K [0x00000000eb700000, 0x00000000efd80000, 0x0000000100000000)
  eden space 38400K, 29% used [0x00000000eb700000,0x00000000ec208698,0x00000000edc80000)
  from space 7680K, 99% used [0x00000000edc80000,0x00000000ee3fa020,0x00000000ee400000)
  to   space 9216K, 0% used [0x00000000ef480000,0x00000000ef480000,0x00000000efd80000)
 ParOldGen       total 42496K, used 8790K [0x00000000c2400000, 0x00000000c4d80000, 0x00000000eb700000)
  object space 42496K, 20% used [0x00000000c2400000,0x00000000c2c95b88,0x00000000c4d80000)
 Metaspace       used 14734K, capacity 14992K, committed 15360K, reserved 1062912K
  class space    used 1853K, capacity 1938K, committed 2048K, reserved 1048576K
GC Heap History (10 events):
Event: 15.297 GC heap before
{Heap before GC invocations=15 (full 0):
 PSYoungGen      total 21504K, used 21391K [0x00000000eb700000, 0x00000000ed980000, 0x0000000100000000)
  eden space 17408K, 100% used [0x00000000eb700000,0x00000000ec800000,0x00000000ec800000)
  from space 4096K, 97% used [0x00000000ed580000,0x00000000ed963c10,0x00000000ed980000)
  to   space 5632K, 0% used [0x00000000ece80000,0x00000000ece80000,0x00000000ed400000)
 ParOldGen       total 42496K, used 7806K [0x00000000c2400000, 0x00000000c4d80000, 0x00000000eb700000)
  object space 42496K, 18% used [0x00000000c2400000,0x00000000c2b9fb88,0x00000000c4d80000)
 Metaspace       used 13922K, capacity 14154K, committed 14464K, reserved 1062912K
  class space    used 1789K, capacity 1873K, committed 1920K, reserved 1048576K
Event: 15.304 GC heap after
Heap after GC invocations=15 (full 0):
 PSYoungGen      total 29696K, used 4724K [0x00000000eb700000, 0x00000000ede80000, 0x0000000100000000)
  eden space 24064K, 0% used [0x00000000eb700000,0x00000000eb700000,0x00000000ece80000)
  from space 5632K, 83% used [0x00000000ece80000,0x00000000ed31d208,0x00000000ed400000)
  to   space 6144K, 0% used [0x00000000ed880000,0x00000000ed880000,0x00000000ede80000)
 ParOldGen       total 42496K, used 7830K [0x00000000c2400000, 0x00000000c4d80000, 0x00000000eb700000)
  object space 42496K, 18% used [0x00000000c2400000,0x00000000c2ba5b88,0x00000000c4d80000)
 Metaspace       used 13922K, capacity 14154K, committed 14464K, reserved 1062912K
  class space    used 1789K, capacity 1873K, committed 1920K, reserved 1048576K
}
Event: 15.997 GC heap before
{Heap before GC invocations=16 (full 0):
 PSYoungGen      total 29696K, used 28788K [0x00000000eb700000, 0x00000000ede80000, 0x0000000100000000)
  eden space 24064K, 100% used [0x00000000eb700000,0x00000000ece80000,0x00000000ece80000)
  from space 5632K, 83% used [0x00000000ece80000,0x00000000ed31d208,0x00000000ed400000)
  to   space 6144K, 0% used [0x00000000ed880000,0x00000000ed880000,0x00000000ede80000)
 ParOldGen       total 42496K, used 7830K [0x00000000c2400000, 0x00000000c4d80000, 0x00000000eb700000)
  object space 42496K, 18% used [0x00000000c2400000,0x00000000c2ba5b88,0x00000000c4d80000)
 Metaspace       used 13960K, capacity 14218K, committed 14464K, reserved 1062912K
  class space    used 1789K, capacity 1873K, committed 1920K, reserved 1048576K
Event: 16.010 GC heap after
Heap after GC invocations=16 (full 0):
 PSYoungGen      total 34304K, used 4100K [0x00000000eb700000, 0x00000000ee900000, 0x0000000100000000)
  eden space 28160K, 0% used [0x00000000eb700000,0x00000000eb700000,0x00000000ed280000)
  from space 6144K, 66% used [0x00000000ed880000,0x00000000edc81010,0x00000000ede80000)
  to   space 6144K, 0% used [0x00000000ed280000,0x00000000ed280000,0x00000000ed880000)
 ParOldGen       total 42496K, used 7854K [0x00000000c2400000, 0x00000000c4d80000, 0x00000000eb700000)
  object space 42496K, 18% used [0x00000000c2400000,0x00000000c2babb88,0x00000000c4d80000)
 Metaspace       used 13960K, capacity 14218K, committed 14464K, reserved 1062912K
  class space    used 1789K, capacity 1873K, committed 1920K, reserved 1048576K
}
Event: 16.851 GC heap before
{Heap before GC invocations=17 (full 0):
 PSYoungGen      total 34304K, used 32260K [0x00000000eb700000, 0x00000000ee900000, 0x0000000100000000)
  eden space 28160K, 100% used [0x00000000eb700000,0x00000000ed280000,0x00000000ed280000)
  from space 6144K, 66% used [0x00000000ed880000,0x00000000edc81010,0x00000000ede80000)
  to   space 6144K, 0% used [0x00000000ed280000,0x00000000ed280000,0x00000000ed880000)
 ParOldGen       total 42496K, used 7854K [0x00000000c2400000, 0x00000000c4d80000, 0x00000000eb700000)
  object space 42496K, 18% used [0x00000000c2400000,0x00000000c2babb88,0x00000000c4d80000)
 Metaspace       used 13982K, capacity 14218K, committed 14464K, reserved 1062912K
  class space    used 1789K, capacity 1873K, committed 1920K, reserved 1048576K
Event: 16.863 GC heap after
Heap after GC invocations=17 (full 0):
 PSYoungGen      total 34304K, used 6107K [0x00000000eb700000, 0x00000000eea80000, 0x0000000100000000)
  eden space 28160K, 0% used [0x00000000eb700000,0x00000000eb700000,0x00000000ed280000)
  from space 6144K, 99% used [0x00000000ed280000,0x00000000ed876d90,0x00000000ed880000)
  to   space 6656K, 0% used [0x00000000ee400000,0x00000000ee400000,0x00000000eea80000)
 ParOldGen       total 42496K, used 7886K [0x00000000c2400000, 0x00000000c4d80000, 0x00000000eb700000)
  object space 42496K, 18% used [0x00000000c2400000,0x00000000c2bb3b88,0x00000000c4d80000)
 Metaspace       used 13982K, capacity 14218K, committed 14464K, reserved 1062912K
  class space    used 1789K, capacity 1873K, committed 1920K, reserved 1048576K
}
Event: 17.575 GC heap before
{Heap before GC invocations=18 (full 0):
 PSYoungGen      total 34304K, used 34267K [0x00000000eb700000, 0x00000000eea80000, 0x0000000100000000)
  eden space 28160K, 100% used [0x00000000eb700000,0x00000000ed280000,0x00000000ed280000)
  from space 6144K, 99% used [0x00000000ed280000,0x00000000ed876d90,0x00000000ed880000)
  to   space 6656K, 0% used [0x00000000ee400000,0x00000000ee400000,0x00000000eea80000)
 ParOldGen       total 42496K, used 7886K [0x00000000c2400000, 0x00000000c4d80000, 0x00000000eb700000)
  object space 42496K, 18% used [0x00000000c2400000,0x00000000c2bb3b88,0x00000000c4d80000)
 Metaspace       used 13995K, capacity 14282K, committed 14464K, reserved 1062912K
  class space    used 1789K, capacity 1873K, committed 1920K, reserved 1048576K
Event: 17.596 GC heap after
Heap after GC invocations=18 (full 0):
 PSYoungGen      total 45056K, used 6632K [0x00000000eb700000, 0x00000000eec80000, 0x0000000100000000)
  eden space 38400K, 0% used [0x00000000eb700000,0x00000000eb700000,0x00000000edc80000)
  from space 6656K, 99% used [0x00000000ee400000,0x00000000eea7a020,0x00000000eea80000)
  to   space 7680K, 0% used [0x00000000edc80000,0x00000000edc80000,0x00000000ee400000)
 ParOldGen       total 42496K, used 8358K [0x00000000c2400000, 0x00000000c4d80000, 0x00000000eb700000)
  object space 42496K, 19% used [0x00000000c2400000,0x00000000c2c29b88,0x00000000c4d80000)
 Metaspace       used 13995K, capacity 14282K, committed 14464K, reserved 1062912K
  class space    used 1789K, capacity 1873K, committed 1920K, reserved 1048576K
}
Event: 18.626 GC heap before
{Heap before GC invocations=19 (full 0):
 PSYoungGen      total 45056K, used 45032K [0x00000000eb700000, 0x00000000eec80000, 0x0000000100000000)
  eden space 38400K, 100% used [0x00000000eb700000,0x00000000edc80000,0x00000000edc80000)
  from space 6656K, 99% used [0x00000000ee400000,0x00000000eea7a020,0x00000000eea80000)
  to   space 7680K, 0% used [0x00000000edc80000,0x00000000edc80000,0x00000000ee400000)
 ParOldGen       total 42496K, used 8358K [0x00000000c2400000, 0x00000000c4d80000, 0x00000000eb700000)
  object space 42496K, 19% used [0x00000000c2400000,0x00000000c2c29b88,0x00000000c4d80000)
 Metaspace       used 14001K, capacity 14282K, committed 14464K, reserved 1062912K
  class space    used 1789K, capacity 1873K, committed 1920K, reserved 1048576K
Event: 18.651 GC heap after
Heap after GC invocations=19 (full 0):
 PSYoungGen      total 46080K, used 7656K [0x00000000eb700000, 0x00000000efd80000, 0x0000000100000000)
  eden space 38400K, 0% used [0x00000000eb700000,0x00000000eb700000,0x00000000edc80000)
  from space 7680K, 99% used [0x00000000edc80000,0x00000000ee3fa020,0x00000000ee400000)
  to   space 9216K, 0% used [0x00000000ef480000,0x00000000ef480000,0x00000000efd80000)
 ParOldGen       total 42496K, used 8790K [0x00000000c2400000, 0x00000000c4d80000, 0x00000000eb700000)
  object space 42496K, 20% used [0x00000000c2400000,0x00000000c2c95b88,0x00000000c4d80000)
 Metaspace       used 14001K, capacity 14282K, committed 14464K, reserved 1062912K
  class space    used 1789K, capacity 1873K, committed 1920K, reserved 1048576K
}

